
> my-profile@0.1.0 build
> next build

  ▲ Next.js 14.2.18

   Creating an optimized production build ...
Browserslist: browsers data (caniuse-lite) is 15 months old. Please run:
  npx update-browserslist-db@latest
  Why you should do it regularly: https://github.com/browserslist/update-db#readme
<w> [webpack.cache.PackFileCacheStrategy] Skipped not serializable cache item 'Compilation/modules|/Volumes/Nyi-Nyi-Sandisk/Resume/resume/node_modules/next/dist/build/webpack/loaders/css-loader/src/index.js??ruleSet[1].rules[14].oneOf[12].use[2]!/Volumes/Nyi-Nyi-Sandisk/Resume/resume/node_modules/next/dist/build/webpack/loaders/postcss-loader/src/index.js??ruleSet[1].rules[14].oneOf[12].use[3]!/Volumes/Nyi-Nyi-Sandisk/Resume/resume/src/app/globals.css': No serializer registered for PostCSSSyntaxError
<w> while serializing webpack/lib/cache/PackFileCacheStrategy.PackContentItems -> webpack/lib/NormalModule -> webpack/lib/ModuleBuildError -> PostCSSSyntaxError
Failed to compile.

./src/app/globals.css:58:5
Syntax error: /Volumes/Nyi-Nyi-Sandisk/Resume/resume/src/app/globals.css The `shadow-[0_4px_30px_rgba(0,` class does not exist. If `shadow-[0_4px_30px_rgba(0,` is a custom class, make sure it is defined within a `@layer` directive.

  56 | @layer utilities {
  57 |   .glass {
> 58 |     @apply bg-foreground/5 backdrop-blur-xl border border-foreground/10 shadow-[0_4px_30px_rgba(0, 0, 0, 0.05)] dark:shadow-[0_4px_30px_rgba(0, 0, 0, 0.1)];
     |     ^
  59 |   }
  60 |

./src/app/globals.css
Syntax error: /Volumes/Nyi-Nyi-Sandisk/Resume/resume/src/app/globals.css The `shadow-[0_4px_30px_rgba(0,` class does not exist. If `shadow-[0_4px_30px_rgba(0,` is a custom class, make sure it is defined within a `@layer` directive. (58:5)

  56 | @layer utilities {
  57 |   .glass {
> 58 |     @apply bg-foreground/5 backdrop-blur-xl border border-foreground/10 shadow-[0_4px_30px_rgba(0, 0, 0, 0.05)] dark:shadow-[0_4px_30px_rgba(0, 0, 0, 0.1)];
     |     ^
  59 |   }
  60 | 

    at tryRunOrWebpackError (/Volumes/Nyi-Nyi-Sandisk/Resume/resume/node_modules/next/dist/compiled/webpack/bundle5.js:28:312989)
    at __webpack_require_module__ (/Volumes/Nyi-Nyi-Sandisk/Resume/resume/node_modules/next/dist/compiled/webpack/bundle5.js:28:131165)
    at __nested_webpack_require_153728__ (/Volumes/Nyi-Nyi-Sandisk/Resume/resume/node_modules/next/dist/compiled/webpack/bundle5.js:28:130607)
    at /Volumes/Nyi-Nyi-Sandisk/Resume/resume/node_modules/next/dist/compiled/webpack/bundle5.js:28:131454
    at symbolIterator (/Volumes/Nyi-Nyi-Sandisk/Resume/resume/node_modules/next/dist/compiled/neo-async/async.js:1:14444)
    at done (/Volumes/Nyi-Nyi-Sandisk/Resume/resume/node_modules/next/dist/compiled/neo-async/async.js:1:14824)
    at Hook.eval [as callAsync] (eval at create (/Volumes/Nyi-Nyi-Sandisk/Resume/resume/node_modules/next/dist/compiled/webpack/bundle5.js:13:28858), <anonymous>:15:1)
    at Hook.CALL_ASYNC_DELEGATE [as _callAsync] (/Volumes/Nyi-Nyi-Sandisk/Resume/resume/node_modules/next/dist/compiled/webpack/bundle5.js:13:26012)
    at /Volumes/Nyi-Nyi-Sandisk/Resume/resume/node_modules/next/dist/compiled/webpack/bundle5.js:28:130328
    at symbolIterator (/Volumes/Nyi-Nyi-Sandisk/Resume/resume/node_modules/next/dist/compiled/neo-async/async.js:1:14402)
-- inner error --
Syntax error: /Volumes/Nyi-Nyi-Sandisk/Resume/resume/src/app/globals.css The `shadow-[0_4px_30px_rgba(0,` class does not exist. If `shadow-[0_4px_30px_rgba(0,` is a custom class, make sure it is defined within a `@layer` directive. (58:5)

  56 | @layer utilities {
  57 |   .glass {
> 58 |     @apply bg-foreground/5 backdrop-blur-xl border border-foreground/10 shadow-[0_4px_30px_rgba(0, 0, 0, 0.05)] dark:shadow-[0_4px_30px_rgba(0, 0, 0, 0.1)];
     |     ^
  59 |   }
  60 | 

    at Object.<anonymous> (/Volumes/Nyi-Nyi-Sandisk/Resume/resume/node_modules/next/dist/build/webpack/loaders/css-loader/src/index.js??ruleSet[1].rules[14].oneOf[12].use[2]!/Volumes/Nyi-Nyi-Sandisk/Resume/resume/node_modules/next/dist/build/webpack/loaders/postcss-loader/src/index.js??ruleSet[1].rules[14].oneOf[12].use[3]!/Volumes/Nyi-Nyi-Sandisk/Resume/resume/src/app/globals.css:1:7)
    at /Volumes/Nyi-Nyi-Sandisk/Resume/resume/node_modules/next/dist/compiled/webpack/bundle5.js:28:922493
    at Hook.eval [as call] (eval at create (/Volumes/Nyi-Nyi-Sandisk/Resume/resume/node_modules/next/dist/compiled/webpack/bundle5.js:13:28636), <anonymous>:7:1)
    at Hook.CALL_DELEGATE [as _call] (/Volumes/Nyi-Nyi-Sandisk/Resume/resume/node_modules/next/dist/compiled/webpack/bundle5.js:13:25906)
    at /Volumes/Nyi-Nyi-Sandisk/Resume/resume/node_modules/next/dist/compiled/webpack/bundle5.js:28:131198
    at tryRunOrWebpackError (/Volumes/Nyi-Nyi-Sandisk/Resume/resume/node_modules/next/dist/compiled/webpack/bundle5.js:28:312943)
    at __webpack_require_module__ (/Volumes/Nyi-Nyi-Sandisk/Resume/resume/node_modules/next/dist/compiled/webpack/bundle5.js:28:131165)
    at __nested_webpack_require_153728__ (/Volumes/Nyi-Nyi-Sandisk/Resume/resume/node_modules/next/dist/compiled/webpack/bundle5.js:28:130607)
    at /Volumes/Nyi-Nyi-Sandisk/Resume/resume/node_modules/next/dist/compiled/webpack/bundle5.js:28:131454
    at symbolIterator (/Volumes/Nyi-Nyi-Sandisk/Resume/resume/node_modules/next/dist/compiled/neo-async/async.js:1:14444)

Generated code for /Volumes/Nyi-Nyi-Sandisk/Resume/resume/node_modules/next/dist/build/webpack/loaders/css-loader/src/index.js??ruleSet[1].rules[14].oneOf[12].use[2]!/Volumes/Nyi-Nyi-Sandisk/Resume/resume/node_modules/next/dist/build/webpack/loaders/postcss-loader/src/index.js??ruleSet[1].rules[14].oneOf[12].use[3]!/Volumes/Nyi-Nyi-Sandisk/Resume/resume/src/app/globals.css

Import trace for requested module:
./src/app/globals.css


> Build failed because of webpack errors
